<?xml version="1.0" encoding="utf-8"?><testsuites name="pytest tests"><testsuite name="pytest" errors="0" failures="0" skipped="0" tests="8" time="0.957" timestamp="2026-08-28T21:58:28.630847+00:00" hostname="agent-env-7a701f58-ca3a-4561-b5bb-77ee674c510d"><testcase classname="tests.backend_test.TestHealth" name="test_root_api" time="0.178" /><testcase classname="tests.backend_test.TestCalcomWebhook" name="test_booking_created_flips_lead_to_booked" time="0.308" /><testcase classname="tests.backend_test.TestHealth" name="test_health_endpoint" time="0.057" /><testcase classname="tests.backend_test.TestLeads" name="test_create_lead" time="0.054" /><testcase classname="tests.backend_test.TestLeads" name="test_create_lead_validation" time="0.069" /><testcase classname="tests.backend_test.TestCalcomWebhook" name="test_other_event_ignored" time="0.055" /><testcase classname="tests.backend_test.TestEnquiries" name="test_create_enquiry" time="0.058" /><testcase classname="tests.backend_test.TestCalcomWebhook" name="test_booking_no_email_unmatched" time="0.057" /></testsuite></testsuites>