<?xml version="1.0" encoding="utf-8"?><testsuites name="pytest tests"><testsuite name="pytest" errors="0" failures="0" skipped="0" tests="9" time="1.458" timestamp="2026-08-28T19:39:05.305833+00:00" hostname="agent-env-7a701f58-ca3a-4561-b5bb-77ee674c510d"><testcase classname="tests.backend_test.TestCalcomWebhook" name="test_booking_created_flips_lead_to_booked" time="0.426" /><testcase classname="tests.backend_test.TestLeads" name="test_create_lead_and_admin_list" time="0.388" /><testcase classname="tests.backend_test.TestLeads" name="test_create_lead_validation" time="0.071" /><testcase classname="tests.backend_test.TestCalcomWebhook" name="test_other_event_ignored" time="0.075" /><testcase classname="tests.backend_test.TestLeads" name="test_leads_wrong_admin_key" time="0.109" /><testcase classname="tests.backend_test.TestCalcomWebhook" name="test_booking_no_email_unmatched" time="0.075" /><testcase classname="tests.backend_test.TestHealth" name="test_root_api" time="0.069" /><testcase classname="tests.backend_test.TestEnquiries" name="test_create_and_list_enquiry" time="0.242" /><testcase classname="tests.backend_test.TestHealth" name="test_health_endpoint" time="0.062" /></testsuite></testsuites>