<?xml version="1.0" encoding="utf-8"?><testsuites name="pytest tests"><testsuite name="pytest" errors="0" failures="1" skipped="0" tests="9" time="1.327" timestamp="2026-08-28T14:41:08.247758+00:00" hostname="agent-env-7a701f58-ca3a-4561-b5bb-77ee674c510d"><testcase classname="tests.backend_test.TestCalcomWebhook" name="test_booking_created_flips_lead_to_booked" time="0.349" /><testcase classname="tests.backend_test.TestLeads" name="test_create_lead_and_admin_list" time="0.412" /><testcase classname="tests.backend_test.TestCalcomWebhook" name="test_other_event_ignored" time="0.107" /><testcase classname="tests.backend_test.TestLeads" name="test_create_lead_validation" time="0.070" /><testcase classname="tests.backend_test.TestCalcomWebhook" name="test_booking_no_email_unmatched" time="0.070" /><testcase classname="tests.backend_test.TestLeads" name="test_leads_wrong_admin_key" time="0.112" /><testcase classname="tests.backend_test.TestHealth" name="test_root_api" time="0.111" /><testcase classname="tests.backend_test.TestEnquiries" name="test_create_and_list_enquiry" time="0.213" /><testcase classname="tests.backend_test.TestHealth" name="test_health_endpoint" time="0.069"><failure message="AssertionError: /api/health missing (got 404)&#10;assert 404 == 200&#10; +  where 404 = &lt;Response [404]&gt;.status_code">E   AssertionError: /api/health missing (got 404)
    assert 404 == 200
     +  where 404 = &lt;Response [404]&gt;.status_code</failure></testcase></testsuite></testsuites>